d:\simulation_latest\simulation\x64\debug\simulation.pch
d:\simulation_latest\simulation\x64\debug\vc142.pdb
d:\simulation_latest\simulation\x64\debug\vc142.idb
d:\simulation_latest\simulation\x64\debug\stdafx.obj
d:\simulation_latest\simulation\x64\debug\simulator.obj
d:\simulation_latest\simulation\x64\debug\main.obj
d:\simulation_latest\simulation\x64\debug\node.obj
d:\simulation_latest\simulation\x64\debug\link.obj
d:\simulation_latest\simulation\x64\debug\city_builder.obj
d:\simulation_latest\simulation\x64\debug\city.obj
d:\simulation_latest\simulation\x64\debug\auxiliary_function.obj
d:\simulation_latest\simulation\x64\debug\agent.obj
d:\simulation_latest\x64\debug\simulation.exe
d:\simulation_latest\x64\debug\simulation.ilk
d:\simulation_latest\x64\debug\simulation.pdb
d:\simulation_latest\simulation\x64\debug\simulation.obj
d:\simulation_latest\simulation\x64\debug\simulation.tlog\cl.command.1.tlog
d:\simulation_latest\simulation\x64\debug\simulation.tlog\link.command.1.tlog
d:\simulation_latest\simulation\x64\debug\simulation.tlog\cl.read.1.tlog
d:\simulation_latest\simulation\x64\debug\simulation.tlog\link.read.1.tlog
d:\simulation_latest\simulation\x64\debug\simulation.tlog\cl.write.1.tlog
d:\simulation_latest\simulation\x64\debug\simulation.tlog\link.write.1.tlog
d:\simulation_latest\simulation\x64\debug\simulation.tlog\simulation.write.1u.tlog
